[2013-10-04 11:37:40] START
[2013-10-04 11:37:40] EDIT LTRC/views/default/word_select.html: 1
[2013-10-04 11:38:20] EDIT LTRC/views/default/word_select.html: 0
[2013-10-04 11:39:48] EDIT LTRC/views/default/word_select.html: 0
[2013-10-04 11:41:34] EDIT LTRC/views/default/word_select.html: 1
[2013-10-04 11:44:28] EDIT LTRC/views/default/word_select.html: 0
[2013-10-04 11:45:04] EDIT LTRC/views/default/word_select.html: 0
[2013-10-04 11:45:49] EDIT LTRC/views/default/word_select.html: 1
[2013-10-04 11:46:47] EDIT LTRC/views/default/word_select.html: -3
[2013-10-04 11:57:14] EDIT LTRC/views/default/word_select.html: -3
[2013-10-04 11:57:27] EDIT LTRC/views/default/word_select.html: 0
[2013-10-04 12:45:44] EDIT LTRC/views/default/word_select.html: 6
[2013-10-04 12:46:40] EDIT LTRC/views/default/word_select.html: 1
[2013-10-04 12:47:55] EDIT LTRC/views/default/word_select.html: 0
[2013-10-04 12:52:36] EDIT LTRC/views/default/word_select.html: 5
[2013-10-04 13:03:35] EDIT LTRC/controllers/default.py: 3
[2013-10-04 13:04:58] EDIT LTRC/controllers/default.py: 2
[2013-10-04 13:08:39] CREATE default/reason.html: 0
[2013-10-04 13:09:47] EDIT LTRC/views/default/reason.html: 1
[2013-10-04 13:12:26] EDIT LTRC/controllers/default.py: 9
[2013-10-04 13:12:37] EDIT LTRC/views/default/sentence_select.html: -1
[2013-10-04 13:12:55] EDIT LTRC/controllers/default.py: 0
[2013-10-04 13:13:08] EDIT LTRC/controllers/default.py: 0
[2013-10-04 13:13:20] EDIT LTRC/controllers/default.py: -4
[2013-10-04 13:13:49] EDIT LTRC/controllers/default.py: 0
[2013-10-04 13:15:12] EDIT LTRC/controllers/default.py: 0
[2013-10-04 13:15:52] EDIT LTRC/controllers/default.py: 0
[2013-10-04 13:15:58] EDIT LTRC/controllers/default.py: 0
[2013-10-04 13:16:20] EDIT LTRC/views/default/reason.html: 1
[2013-10-04 13:16:30] EDIT LTRC/views/default/reason.html: 0
[2013-10-04 13:16:32] EDIT LTRC/views/default/reason.html: 0
[2013-10-04 13:16:38] EDIT LTRC/views/default/reason.html: 0
[2013-10-04 13:31:22] EDIT LTRC/controllers/default.py: 4
[2013-10-04 13:31:38] EDIT LTRC/controllers/default.py: 1
[2013-10-04 13:33:58] EDIT LTRC/views/default/reason.html: 0
[2013-10-04 13:36:37] EDIT LTRC/controllers/default.py: 0
[2013-10-04 13:36:48] EDIT LTRC/controllers/default.py: 0
[2013-10-04 13:39:14] EDIT LTRC/controllers/default.py: 1
[2013-10-04 13:43:23] EDIT LTRC/controllers/default.py: -5
[2013-10-04 13:44:35] EDIT LTRC/controllers/default.py: 0
[2013-10-04 13:45:57] EDIT LTRC/controllers/default.py: 0
[2013-10-04 13:46:10] EDIT LTRC/controllers/default.py: 0
[2013-10-04 13:47:13] EDIT LTRC/views/default/reason.html: 0
[2013-10-04 13:47:23] EDIT LTRC/controllers/default.py: 0
[2013-10-07 23:56:44] EDIT LTRC/views/default/home.html: 3
[2013-10-07 23:59:26] EDIT LTRC/views/default/home.html: 0
[2013-10-08 00:02:10] EDIT LTRC/views/default/home.html: 0
[2013-10-08 00:03:16] EDIT LTRC/views/default/home.html: 0
[2013-10-08 02:18:08] EDIT LTRC/views/default/home.html: 0
[2013-10-08 02:20:48] EDIT LTRC/views/default/home.html: 0
[2013-10-08 02:21:31] EDIT LTRC/views/default/home.html: 0
[2013-10-08 02:24:22] EDIT LTRC/views/default/home.html: 2
[2013-10-08 02:24:40] EDIT LTRC/views/default/home.html: 0
[2013-10-08 02:24:47] EDIT LTRC/views/default/home.html: 0
[2013-10-08 02:24:56] EDIT LTRC/views/default/home.html: 0
[2013-10-08 02:25:41] EDIT LTRC/views/default/home.html: 0
[2013-10-08 02:26:47] EDIT LTRC/views/default/home.html: 2
[2013-10-08 02:28:32] EDIT LTRC/views/default/home.html: -2
[2013-10-08 02:28:45] EDIT LTRC/views/default/home.html: 0
[2013-10-08 02:29:40] EDIT LTRC/views/default/home.html: 0
[2013-10-08 02:29:44] EDIT LTRC/views/default/home.html: 0
[2013-10-08 02:29:55] EDIT LTRC/views/default/home.html: 0
[2013-10-08 02:30:40] EDIT LTRC/views/default/home.html: 0
[2013-10-08 02:31:06] EDIT LTRC/views/default/home.html: 0
[2013-10-08 02:31:16] EDIT LTRC/views/default/home.html: 0
[2013-10-08 02:31:33] EDIT LTRC/views/default/home.html: 0
[2013-10-08 02:32:22] EDIT LTRC/views/default/home.html: 0
[2013-10-08 02:32:30] EDIT LTRC/views/default/home.html: 0
[2013-10-08 02:32:44] EDIT LTRC/views/default/home.html: 0
[2013-10-08 02:33:11] EDIT LTRC/views/default/home.html: 0
[2013-10-08 02:33:39] EDIT LTRC/views/default/home.html: 0
[2013-10-08 02:33:46] EDIT LTRC/views/default/home.html: 0
[2013-10-08 02:34:03] EDIT LTRC/views/default/home.html: 0
[2013-10-08 02:34:16] EDIT LTRC/views/default/home.html: 0
[2013-10-08 02:34:23] EDIT LTRC/views/default/home.html: 0
[2013-10-08 02:34:29] EDIT LTRC/views/default/home.html: 0
[2013-10-08 02:34:37] EDIT LTRC/views/default/home.html: 0
[2013-10-08 02:35:03] EDIT LTRC/views/default/home.html: 0
[2013-10-08 02:35:34] EDIT LTRC/views/default/home.html: 0
[2013-10-08 02:35:45] EDIT LTRC/views/default/home.html: 0
[2013-10-08 02:35:53] EDIT LTRC/views/default/home.html: 0
[2013-10-08 02:36:12] EDIT LTRC/views/default/home.html: 0
[2013-10-08 02:36:22] EDIT LTRC/views/default/home.html: 0
[2013-10-08 02:36:32] EDIT LTRC/views/default/home.html: 0
[2013-10-08 02:36:46] EDIT LTRC/views/default/home.html: 0
[2013-10-08 02:37:01] EDIT LTRC/views/default/home.html: 0
[2013-10-08 02:37:09] EDIT LTRC/views/default/home.html: 0
[2013-10-08 02:37:17] EDIT LTRC/views/default/home.html: 0
[2013-10-08 02:37:33] EDIT LTRC/views/default/home.html: 0
[2013-10-08 02:37:42] EDIT LTRC/views/default/home.html: 0
[2013-10-08 02:37:50] EDIT LTRC/views/default/home.html: 0
[2013-10-08 02:42:53] EDIT LTRC/views/default/home.html: 38
[2013-10-08 02:43:57] EDIT LTRC/views/default/home.html: 0
[2013-10-08 02:44:19] EDIT LTRC/views/default/home.html: 0
[2013-10-08 02:45:39] EDIT LTRC/views/default/home.html: 0
[2013-10-08 02:45:51] EDIT LTRC/views/default/home.html: 0
[2013-10-08 02:46:35] EDIT LTRC/views/default/home.html: 0
[2013-10-08 02:46:45] EDIT LTRC/views/default/home.html: 0
[2013-10-08 02:46:52] EDIT LTRC/views/default/home.html: 0
[2013-10-08 02:46:58] EDIT LTRC/views/default/home.html: 0
[2013-10-08 02:47:08] EDIT LTRC/views/default/home.html: 0
[2013-10-08 02:48:31] EDIT LTRC/views/default/home.html: 0
[2013-10-08 02:48:47] EDIT LTRC/views/default/home.html: 0
[2013-10-08 02:50:52] EDIT LTRC/views/default/home.html: 0
[2013-10-08 02:51:13] EDIT LTRC/views/default/home.html: 0
[2013-10-08 02:52:07] EDIT LTRC/views/default/home.html: 0
[2013-10-08 02:52:24] EDIT LTRC/views/default/home.html: 0
[2013-10-08 02:52:28] EDIT LTRC/views/default/home.html: 0
[2013-10-08 02:52:35] EDIT LTRC/views/default/home.html: 0
[2013-10-08 02:53:00] EDIT LTRC/views/default/home.html: 0
[2013-10-08 02:53:28] EDIT LTRC/views/default/home.html: 0
[2013-10-08 02:53:36] EDIT LTRC/views/default/home.html: 0
[2013-10-08 02:53:46] EDIT LTRC/views/default/home.html: 0
[2013-10-08 02:54:54] EDIT LTRC/views/default/home.html: 2
[2013-10-08 02:55:03] EDIT LTRC/views/default/home.html: 0
[2013-10-08 02:55:28] EDIT LTRC/views/default/home.html: 0
[2013-10-08 02:55:55] EDIT LTRC/views/default/home.html: 0
[2013-10-08 02:56:04] EDIT LTRC/views/default/home.html: 0
[2013-10-08 02:56:12] EDIT LTRC/views/default/home.html: 0
[2013-10-08 02:56:19] EDIT LTRC/views/default/home.html: 0
[2013-10-08 02:56:28] EDIT LTRC/views/default/home.html: 0
[2013-10-08 02:56:40] EDIT LTRC/views/default/home.html: 0
[2013-10-08 02:56:51] EDIT LTRC/views/default/home.html: 0
[2013-10-08 02:56:54] EDIT LTRC/views/default/home.html: 0
[2013-10-08 02:57:04] EDIT LTRC/views/default/home.html: 0
[2013-10-08 02:57:10] EDIT LTRC/views/default/home.html: 0
[2013-10-08 03:01:53] EDIT LTRC/views/default/home.html: 0
[2013-10-08 03:08:54] EDIT LTRC/views/default/home.html: 0
[2013-10-08 03:09:27] EDIT LTRC/views/default/home.html: 0
[2013-10-08 03:09:49] EDIT LTRC/views/default/home.html: 0
[2013-10-08 03:10:37] EDIT LTRC/views/default/home.html: 0
[2013-10-08 03:10:47] EDIT LTRC/views/default/home.html: 0
[2013-10-08 03:11:06] EDIT LTRC/views/default/home.html: 0
[2013-10-08 03:11:27] EDIT LTRC/views/default/home.html: 0
[2013-10-08 03:11:40] EDIT LTRC/views/default/home.html: 0
[2013-10-08 03:11:47] EDIT LTRC/views/default/home.html: 0
[2013-10-08 03:11:59] EDIT LTRC/views/default/home.html: 0
[2013-10-08 03:12:08] EDIT LTRC/views/default/home.html: 0
[2013-10-08 03:14:52] EDIT LTRC/views/default/home.html: 3
[2013-10-08 03:15:05] EDIT LTRC/views/default/home.html: 0
[2013-10-08 03:17:04] EDIT LTRC/views/default/home.html: 5
[2013-10-08 03:18:17] EDIT LTRC/views/default/home.html: 0
[2013-10-08 03:18:35] EDIT LTRC/views/default/home.html: 0
[2013-10-08 03:18:56] EDIT LTRC/views/default/home.html: 1
[2013-10-08 03:20:52] EDIT LTRC/views/default/home.html: 0
[2013-10-08 03:21:08] EDIT LTRC/views/default/home.html: 0
[2013-10-08 03:21:14] EDIT LTRC/views/default/home.html: 0
[2013-10-08 03:21:22] EDIT LTRC/views/default/home.html: 0
[2013-10-08 03:21:34] EDIT LTRC/views/default/home.html: 0
[2013-10-08 03:22:00] EDIT LTRC/views/default/home.html: 0
[2013-10-08 03:23:13] EDIT LTRC/views/default/home.html: 0
[2013-10-08 03:23:23] EDIT LTRC/views/default/home.html: 0
[2013-10-08 03:23:25] EDIT LTRC/views/default/home.html: 0
[2013-10-08 03:23:34] EDIT LTRC/views/default/home.html: 0
[2013-10-08 03:23:39] EDIT LTRC/views/default/home.html: 0
[2013-10-08 03:23:48] EDIT LTRC/views/default/home.html: 0
[2013-10-08 03:23:54] EDIT LTRC/views/default/home.html: 0
[2013-10-08 03:24:07] EDIT LTRC/views/default/home.html: 0
[2013-10-08 03:24:15] EDIT LTRC/views/default/home.html: 0
[2013-10-08 03:24:22] EDIT LTRC/views/default/home.html: 0
[2013-10-08 03:24:32] EDIT LTRC/views/default/home.html: 0
[2013-10-08 03:25:24] EDIT LTRC/views/default/home.html: 0
[2013-10-08 03:25:34] EDIT LTRC/views/default/home.html: 0
[2013-10-08 03:25:42] EDIT LTRC/views/default/home.html: 0
[2013-10-08 03:25:50] EDIT LTRC/views/default/home.html: 0
[2013-10-08 03:25:56] EDIT LTRC/views/default/home.html: 0
[2013-10-08 03:26:36] EDIT LTRC/views/default/home.html: 0
[2013-10-08 03:27:30] EDIT LTRC/views/default/home.html: 0
[2013-10-08 03:28:22] EDIT LTRC/views/default/home.html: 0
[2013-10-08 03:28:59] EDIT LTRC/views/default/home.html: 0
[2013-10-08 03:29:30] EDIT LTRC/views/default/home.html: 0
[2013-10-08 03:29:43] EDIT LTRC/views/default/home.html: 0
[2013-10-08 03:29:49] EDIT LTRC/views/default/home.html: 0
[2013-10-08 03:34:12] EDIT LTRC/views/default/home.html: 0
[2013-10-08 03:36:58] EDIT LTRC/views/default/home.html: 0
[2013-10-08 03:37:13] EDIT LTRC/views/default/home.html: 0
[2013-10-08 03:37:21] EDIT LTRC/views/default/home.html: 0
[2013-10-08 03:37:30] EDIT LTRC/views/default/home.html: 0
[2013-10-08 03:37:38] EDIT LTRC/views/default/home.html: 0
[2013-10-08 03:37:44] EDIT LTRC/views/default/home.html: 0
[2013-10-08 03:37:49] EDIT LTRC/views/default/home.html: 0
[2013-10-08 03:37:58] EDIT LTRC/views/default/home.html: 0
[2013-10-08 03:41:14] EDIT LTRC/views/default/home.html: 1
[2013-10-08 03:41:21] EDIT LTRC/views/default/home.html: 0
[2013-10-08 03:41:28] EDIT LTRC/views/default/home.html: 0
[2013-10-08 03:41:44] EDIT LTRC/views/default/home.html: 0
[2013-10-08 03:41:45] EDIT LTRC/views/default/home.html: 0
[2013-10-08 03:41:52] EDIT LTRC/views/default/home.html: 0
[2013-10-08 03:41:59] EDIT LTRC/views/default/home.html: 0
[2013-10-08 03:43:55] EDIT LTRC/views/default/home.html: 0
[2013-10-08 03:44:27] EDIT LTRC/views/default/home.html: 0
[2013-10-08 03:44:40] EDIT LTRC/views/default/home.html: 0
[2013-10-08 03:45:02] EDIT LTRC/views/default/home.html: 0
[2013-10-08 03:45:09] EDIT LTRC/views/default/home.html: 0
[2013-10-08 03:45:14] EDIT LTRC/views/default/home.html: 0
[2013-10-08 03:45:24] EDIT LTRC/views/default/home.html: 0
[2013-10-08 03:45:31] EDIT LTRC/views/default/home.html: 0
[2013-10-08 03:53:49] EDIT LTRC/controllers/default.py: 1
[2013-10-08 03:54:11] EDIT LTRC/controllers/default.py: 0
[2013-10-08 03:55:11] EDIT LTRC/views/default/home.html: 1
[2013-10-08 03:56:46] EDIT LTRC/views/default/word_select.html: 1
[2013-10-08 03:57:01] EDIT LTRC/views/default/word_select.html: 0
[2013-10-08 03:58:03] EDIT LTRC/views/default/word_select.html: 41
[2013-10-08 03:58:39] EDIT LTRC/views/default/word_select.html: 0
[2013-10-08 03:58:46] EDIT LTRC/views/default/word_select.html: 0
[2013-10-08 04:02:02] EDIT LTRC/views/default/word_select.html: 1
[2013-10-08 04:04:10] EDIT LTRC/views/default/word_select.html: 39
[2013-10-08 04:04:18] EDIT LTRC/views/default/word_select.html: 0
[2013-10-08 04:05:02] EDIT LTRC/views/default/word_select.html: 0
[2013-10-08 04:05:19] EDIT LTRC/views/default/word_select.html: 0
[2013-10-08 04:05:37] EDIT LTRC/views/default/word_select.html: 0
[2013-10-08 04:05:53] EDIT LTRC/views/default/word_select.html: 0
[2013-10-08 04:06:06] EDIT LTRC/views/default/word_select.html: 0
[2013-10-08 04:07:41] EDIT LTRC/views/default/word_select.html: 0
[2013-10-08 04:08:13] EDIT LTRC/views/default/word_select.html: -40
[2013-10-08 04:08:55] EDIT LTRC/views/default/sentence_selectc.html: 1
[2013-10-08 04:09:24] EDIT LTRC/views/default/sentence_selectc.html: 0
[2013-10-08 04:09:36] EDIT LTRC/views/default/sentence_selectc.html: 1
[2013-10-08 04:10:40] EDIT LTRC/views/default/sentence_selectc.html: 0
[2013-10-08 04:11:45] EDIT LTRC/views/default/sentence_selectc.html: 0
[2013-10-08 04:12:02] EDIT LTRC/views/default/sentence_selectc.html: 0
[2013-10-08 04:12:06] EDIT LTRC/views/default/sentence_selectc.html: 0
[2013-10-08 04:12:44] EDIT LTRC/views/default/sentence_selectc.html: 0
[2013-10-08 04:14:20] EDIT LTRC/views/layout.html: 1
[2013-10-08 04:14:40] EDIT LTRC/views/layout.html: 0
[2013-10-08 04:14:57] EDIT LTRC/views/layout.html: 0
[2013-10-08 04:15:23] EDIT LTRC/views/layout.html: 0
[2013-10-08 04:15:32] EDIT LTRC/views/layout.html: 0
[2013-10-08 04:15:38] EDIT LTRC/views/layout.html: 0
[2013-10-08 04:15:46] EDIT LTRC/views/layout.html: 0
[2013-10-08 04:15:59] EDIT LTRC/views/layout.html: 0
[2013-10-08 04:16:25] EDIT LTRC/views/layout.html: 0
[2013-10-08 04:16:55] EDIT LTRC/views/layout.html: 2
[2013-10-08 04:18:22] EDIT LTRC/views/default/sentence_selectc.html: -1
[2013-10-08 04:18:38] EDIT LTRC/views/default/sentence_selectc.html: 1
[2013-10-08 04:18:49] EDIT LTRC/views/default/sentence_selectc.html: 0
[2013-10-08 04:19:10] EDIT LTRC/views/default/sentence_selectc.html: 0
[2013-10-08 04:19:29] EDIT LTRC/views/default/sentence_selectc.html: 0
[2013-10-08 04:19:47] EDIT LTRC/views/default/sentence_selectc.html: 0
[2013-10-08 04:19:59] EDIT LTRC/views/default/sentence_selectc.html: 0
[2013-10-08 04:20:26] EDIT LTRC/views/default/sentence_selectc.html: 0
[2013-10-08 04:20:33] EDIT LTRC/views/default/sentence_selectc.html: 0
[2013-10-08 04:20:41] EDIT LTRC/views/default/sentence_selectc.html: 0
[2013-10-08 04:20:52] EDIT LTRC/views/default/sentence_selectc.html: 0
[2013-10-08 04:21:08] EDIT LTRC/views/default/sentence_selectc.html: 0
[2013-10-08 04:21:24] EDIT LTRC/views/default/sentence_selectc.html: 0
[2013-10-08 04:21:54] EDIT LTRC/views/default/sentence_selectc.html: 0
[2013-10-08 04:22:01] EDIT LTRC/views/default/sentence_selectc.html: 0
[2013-10-08 04:26:55] EDIT LTRC/views/layout.html: 0
[2013-10-08 04:28:43] EDIT LTRC/views/default/home.html: 0
[2013-10-08 04:29:00] EDIT LTRC/views/default/home.html: 0
[2013-10-08 04:29:10] EDIT LTRC/views/default/home.html: 0
[2013-10-08 04:29:30] EDIT LTRC/views/default/home.html: 0
[2013-10-08 04:30:19] EDIT LTRC/views/default/home.html: 0
[2013-10-08 04:30:32] EDIT LTRC/views/default/home.html: 0
[2013-10-08 04:30:52] EDIT LTRC/views/default/home.html: 0
[2013-10-08 04:31:26] EDIT LTRC/views/default/home.html: 0
[2013-10-08 04:33:25] EDIT LTRC/views/layout.html: -1
[2013-10-08 04:33:41] EDIT LTRC/views/layout.html: 0
[2013-10-08 04:34:46] EDIT LTRC/views/layout.html: 0
[2013-10-08 04:34:57] EDIT LTRC/views/layout.html: 1
[2013-10-08 11:19:22] EDIT LTRC/controllers/default.py: 2
[2013-10-08 11:28:16] EDIT LTRC/views/default/sentence_select.html: 0
[2013-10-08 11:30:50] EDIT LTRC/views/default/sentence_select.html: 0
[2013-10-08 11:31:25] EDIT LTRC/views/default/sentence_select.html: 10
[2013-10-08 11:33:12] EDIT LTRC/views/default/sentence_select.html: 1
[2013-10-08 11:34:05] EDIT LTRC/views/default/sentence_select.html: -8
[2013-10-08 11:34:36] EDIT LTRC/views/default/sentence_select.html: 0
[2013-10-08 11:35:04] EDIT LTRC/views/default/sentence_select.html: 0
[2013-10-08 11:35:18] EDIT LTRC/views/default/sentence_select.html: 1
[2013-10-08 11:35:50] EDIT LTRC/views/default/sentence_select.html: 0
[2013-10-08 11:36:26] EDIT LTRC/views/default/sentence_select.html: 0
[2013-10-08 11:37:23] EDIT LTRC/views/default/sentence_select.html: 0
[2013-10-08 11:37:44] EDIT LTRC/views/default/sentence_select.html: 0
[2013-10-08 11:37:56] EDIT LTRC/views/default/sentence_select.html: 0
[2013-10-08 11:38:01] EDIT LTRC/views/default/sentence_select.html: 0
[2013-10-08 11:38:32] EDIT LTRC/views/default/sentence_select.html: 0
[2013-10-08 11:41:05] EDIT LTRC/views/default/sentence_select.html: 39
[2013-10-08 11:43:16] EDIT LTRC/views/default/reason.html: 0
[2013-10-08 11:43:26] EDIT LTRC/views/default/reason.html: 1
[2013-10-08 11:43:43] EDIT LTRC/views/default/reason.html: 0
[2013-10-08 11:46:48] EDIT LTRC/views/default/reason.html: 40
[2013-10-08 11:52:42] EDIT LTRC/views/default/word_selectc.html: 41
[2013-10-08 11:53:14] EDIT LTRC/views/default/word_select.html: 0
[2013-10-08 11:53:50] EDIT LTRC/views/default/word_selectc.html: 1
[2013-10-08 11:54:52] EDIT LTRC/views/default/sentence_selectc.html: 41
[2013-10-08 11:55:05] EDIT LTRC/views/default/sentence_selectc.html: 0
[2013-10-08 11:56:35] EDIT LTRC/views/default/sentence_selectc.html: 0
[2013-10-08 11:56:59] EDIT LTRC/views/default/sentence_selectc.html: 0
[2013-10-08 11:57:08] EDIT LTRC/views/default/sentence_selectc.html: 0
[2013-10-08 11:57:20] EDIT LTRC/views/default/sentence_selectc.html: 0
[2013-10-08 11:57:44] EDIT LTRC/views/default/sentence_selectc.html: 0
[2013-10-08 11:57:56] EDIT LTRC/views/default/sentence_selectc.html: 0
[2013-10-08 11:58:00] EDIT LTRC/views/default/sentence_selectc.html: 0
[2013-10-08 11:58:09] EDIT LTRC/views/default/sentence_selectc.html: 0
[2013-10-08 11:58:15] EDIT LTRC/views/default/sentence_selectc.html: 0
[2013-10-08 11:59:06] EDIT LTRC/views/default/sentence_select.html: 0
[2013-10-08 12:05:20] EDIT LTRC/views/default/reasonc.html: 42
[2013-10-08 12:05:41] EDIT LTRC/views/default/reasonc.html: 0
[2013-10-08 12:05:48] EDIT LTRC/views/default/reasonc.html: 0
[2013-10-08 12:06:13] EDIT LTRC/views/default/reasonc.html: 0
[2013-10-08 12:06:31] EDIT LTRC/views/default/reasonc.html: 0
[2013-10-08 12:06:53] EDIT LTRC/views/default/reasonc.html: 0
[2013-10-08 12:07:09] EDIT LTRC/views/default/reasonc.html: 1
[2013-10-08 12:07:27] EDIT LTRC/views/default/reasonc.html: 0
[2013-10-08 12:07:47] EDIT LTRC/views/default/reasonc.html: 0
[2013-10-08 12:08:22] EDIT LTRC/views/default/reasonc.html: 1
[2013-10-08 12:08:31] EDIT LTRC/views/default/reasonc.html: 0
[2013-10-08 12:08:58] EDIT LTRC/views/default/reasonc.html: 0
[2013-10-08 12:09:12] EDIT LTRC/views/default/reasonc.html: 0
[2013-10-08 12:09:35] EDIT LTRC/views/default/reasonc.html: 0
[2013-10-08 12:09:41] EDIT LTRC/views/default/reasonc.html: 0
[2013-10-08 12:11:22] EDIT LTRC/views/default/reasonc.html: 0
[2013-10-08 12:16:22] EDIT LTRC/views/default/addword.html: 0
[2013-10-08 12:16:36] EDIT LTRC/views/default/addword.html: 0
[2013-10-08 12:16:49] EDIT LTRC/views/default/addword.html: 0
[2013-10-08 12:17:22] EDIT LTRC/views/default/addword.html: 0
[2013-10-08 12:19:11] EDIT LTRC/views/default/addword.html: 41
[2013-10-08 12:19:23] EDIT LTRC/views/default/addword.html: 0
[2013-10-08 12:19:58] EDIT LTRC/views/default/addword.html: 0
[2013-10-08 12:20:06] EDIT LTRC/views/default/addword.html: 0
[2013-10-08 12:20:14] EDIT LTRC/views/default/addword.html: 0
[2013-10-08 12:20:39] EDIT LTRC/views/default/addword.html: 0
[2013-10-08 12:20:59] EDIT LTRC/views/default/addword.html: 0
[2013-10-08 12:21:52] EDIT LTRC/views/default/addword.html: 0
[2013-10-08 12:22:04] EDIT LTRC/views/default/addword.html: 0
[2013-10-08 12:22:17] EDIT LTRC/views/default/addword.html: 0
[2013-10-08 12:24:47] EDIT LTRC/views/default/delword.html: 42
[2013-10-08 12:25:04] EDIT LTRC/views/default/delword.html: 0
[2013-10-08 12:27:24] EDIT LTRC/views/default/delaccount.html: 41
[2013-10-08 12:28:47] EDIT LTRC/views/default/delaccount.html: 0
[2013-10-08 12:29:15] EDIT LTRC/views/default/delaccount.html: 0
[2013-10-08 12:29:36] EDIT LTRC/views/default/delaccount.html: 0
[2013-10-08 12:29:49] EDIT LTRC/views/default/delaccount.html: 0
[2013-10-08 12:30:02] EDIT LTRC/views/default/delaccount.html: 0
[2013-10-08 12:32:49] EDIT LTRC/controllers/default.py: 1
[2013-10-08 12:33:21] EDIT LTRC/controllers/default.py: -1
[2013-10-08 14:01:27] EDIT WSD_Tool/views/default/sentence_selectc.html: 0
[2013-10-08 14:03:25] EDIT WSD_Tool/views/default/sentence_select.html: 0
[2013-11-09 09:38:10] EDIT WSD_Tool/models/db.py: 5
[2013-11-09 09:43:09] EDIT WSD_Tool/models/db.py: -5
[2013-11-09 09:45:32] EDIT WSD_Tool/models/db.py: 0
[2013-11-09 09:46:13] EDIT WSD_Tool/models/db.py: 0
[2013-11-09 09:47:14] EDIT WSD_Tool/models/db.py: 0
[2013-11-09 10:11:50] EDIT WSD_Tool/models/db.py: 4
[2013-11-09 10:20:14] EDIT WSD_Tool/models/db.py: 0
[2013-11-09 10:54:09] EDIT WSD_Tool/models/db.py: -2
[2013-11-09 13:08:34] EDIT WSD_Tool/views/default/reasonc.html: 0
[2013-11-09 13:56:25] EDIT WSD_Tool/models/db.py: 0
[2013-11-09 13:57:01] EDIT WSD_Tool/views/default/reason.html: 0
[2013-11-09 13:59:37] EDIT WSD_Tool/views/default/reasonc.html: 0
[2013-11-09 13:59:50] EDIT WSD_Tool/controllers/default.py: 5
[2013-11-09 14:00:10] EDIT WSD_Tool/controllers/default.py: 0
[2013-11-09 14:00:34] EDIT WSD_Tool/controllers/default.py: 0
[2013-11-09 14:00:42] EDIT WSD_Tool/controllers/default.py: 0
[2013-11-09 14:00:46] EDIT WSD_Tool/models/db.py: 0
[2013-11-09 14:01:59] EDIT WSD_Tool/controllers/default.py: 0
[2013-11-09 14:09:01] EDIT WSD_Tool/controllers/default.py: -6
[2013-11-09 14:10:32] EDIT WSD_Tool/controllers/default.py: 0
[2013-11-09 14:11:46] EDIT WSD_Tool/controllers/default.py: 0
[2013-11-09 14:14:14] EDIT WSD_Tool/controllers/default.py: 8
[2013-11-09 14:16:54] EDIT WSD_Tool/controllers/default.py: -3
[2013-11-09 14:18:11] EDIT WSD_Tool/controllers/default.py: 5
[2013-11-09 14:18:50] EDIT WSD_Tool/controllers/default.py: 0
[2013-11-09 14:22:07] EDIT WSD_Tool/controllers/default.py: 1
[2013-11-09 14:23:11] EDIT WSD_Tool/controllers/default.py: 1
[2013-11-09 14:24:32] EDIT WSD_Tool/controllers/default.py: 0
[2013-11-09 14:25:13] EDIT WSD_Tool/controllers/default.py: 0
[2013-11-09 14:25:55] EDIT WSD_Tool/controllers/default.py: 0
[2013-11-09 14:32:16] EDIT WSD_Tool/controllers/default.py: 1
[2013-11-09 14:36:03] EDIT WSD_Tool/controllers/default.py: 0
[2013-11-09 14:36:21] EDIT WSD_Tool/controllers/default.py: 0
[2013-11-09 14:37:04] EDIT WSD_Tool/views/default/reasonc.html: 0
[2013-11-09 14:37:31] EDIT WSD_Tool/controllers/default.py: 0
[2013-11-09 14:38:48] EDIT WSD_Tool/controllers/default.py: 0
[2013-11-09 14:40:15] EDIT WSD_Tool/controllers/default.py: 0
[2013-11-09 14:41:18] EDIT WSD_Tool/controllers/default.py: 1
[2013-11-09 14:41:47] EDIT WSD_Tool/controllers/default.py: 1
[2013-11-09 14:42:16] EDIT WSD_Tool/controllers/default.py: 0
[2013-11-09 14:42:55] EDIT WSD_Tool/controllers/default.py: 0
[2013-11-09 14:43:57] EDIT WSD_Tool/controllers/default.py: 0
[2013-11-09 14:44:04] EDIT WSD_Tool/controllers/default.py: -1
[2013-11-09 14:45:12] EDIT WSD_Tool/controllers/default.py: 0
[2013-11-09 14:45:50] EDIT WSD_Tool/controllers/default.py: 0
[2013-11-09 14:46:18] EDIT WSD_Tool/controllers/default.py: 0
[2013-11-09 14:46:24] EDIT WSD_Tool/controllers/default.py: 0
[2013-11-09 14:47:40] EDIT WSD_Tool/controllers/default.py: 0
[2013-11-09 14:50:33] EDIT WSD_Tool/controllers/default.py: 0
[2013-11-09 14:51:29] EDIT WSD_Tool/controllers/default.py: 0
[2013-11-09 14:52:14] EDIT WSD_Tool/controllers/default.py: 1
[2013-11-09 14:52:45] EDIT WSD_Tool/controllers/default.py: -1
[2013-11-09 14:53:05] EDIT WSD_Tool/controllers/default.py: 0
[2013-11-09 14:56:51] EDIT WSD_Tool/controllers/default.py: 1
[2013-11-09 15:21:45] EDIT WSD_Tool/controllers/default.py: 0
[2013-11-09 15:22:15] EDIT WSD_Tool/controllers/default.py: 1
[2013-11-09 15:26:28] EDIT WSD_Tool/controllers/default.py: 1
[2013-11-09 15:52:45] EDIT WSD_Tool/controllers/default.py: 8
[2013-11-09 15:58:05] EDIT WSD_Tool/controllers/default.py: 1
[2013-11-09 15:58:10] EDIT WSD_Tool/controllers/default.py: 0
[2013-11-09 15:58:15] EDIT WSD_Tool/controllers/default.py: 0
[2013-11-09 15:58:57] EDIT WSD_Tool/controllers/default.py: 0
[2013-11-09 16:04:38] EDIT WSD_Tool/controllers/default.py: -1
[2013-11-09 16:04:57] EDIT WSD_Tool/controllers/default.py: 0
[2013-11-09 16:15:30] EDIT WSD_Tool/controllers/default.py: 0
[2013-11-09 16:19:31] EDIT WSD_Tool/controllers/default.py: 0
[2013-11-09 16:20:09] EDIT WSD_Tool/controllers/default.py: 0
[2013-11-09 16:26:59] EDIT WSD_Tool/controllers/default.py: 1
[2013-11-09 16:27:14] EDIT WSD_Tool/controllers/default.py: 0
[2013-11-09 16:28:17] EDIT WSD_Tool/controllers/default.py: -1
[2013-11-09 16:32:25] EDIT WSD_Tool/controllers/default.py: 4
[2013-11-09 16:32:42] EDIT WSD_Tool/controllers/default.py: 0
[2013-11-09 16:33:23] EDIT WSD_Tool/controllers/default.py: 0
[2013-11-09 16:35:41] EDIT WSD_Tool/controllers/default.py: -1
[2013-11-09 16:36:12] EDIT WSD_Tool/controllers/default.py: 0
[2013-11-09 16:37:09] EDIT WSD_Tool/controllers/default.py: 1
[2013-11-09 16:39:14] EDIT WSD_Tool/controllers/default.py: 0
[2013-11-09 16:39:56] EDIT WSD_Tool/controllers/default.py: 0
[2013-11-09 16:41:26] EDIT WSD_Tool/controllers/default.py: 0
[2013-11-09 16:41:30] EDIT WSD_Tool/controllers/default.py: 0
[2013-11-09 16:42:22] EDIT WSD_Tool/controllers/default.py: 0
[2013-11-09 16:43:53] EDIT WSD_Tool/controllers/default.py: 0
[2013-11-09 16:47:02] EDIT WSD_Tool/controllers/default.py: 0
[2013-11-09 16:48:09] EDIT WSD_Tool/controllers/default.py: 0
[2013-11-09 16:49:51] EDIT WSD_Tool/controllers/default.py: 0
[2013-11-09 16:55:00] EDIT WSD_Tool/controllers/default.py: 0
[2013-11-09 17:04:40] EDIT WSD_Tool/controllers/default.py: 0
[2013-11-09 17:59:43] EDIT WSD_Tool/controllers/default.py: 0
[2013-11-09 18:07:35] EDIT WSD_Tool/controllers/default.py: 1
[2013-11-09 18:07:58] EDIT WSD_Tool/controllers/default.py: 0
[2013-11-09 18:08:01] EDIT WSD_Tool/controllers/default.py: 0
[2013-11-09 18:09:00] EDIT WSD_Tool/controllers/default.py: 0
[2013-11-09 18:10:06] EDIT WSD_Tool/controllers/default.py: 0
[2013-11-09 18:13:27] EDIT WSD_Tool/controllers/default.py: 0
[2013-11-09 18:14:24] EDIT WSD_Tool/controllers/default.py: 0
[2013-11-09 18:15:08] EDIT WSD_Tool/controllers/default.py: 0
[2013-11-09 18:16:19] EDIT WSD_Tool/controllers/default.py: 0
[2013-11-09 18:19:11] EDIT WSD_Tool/controllers/default.py: 0
[2013-11-09 18:19:20] EDIT WSD_Tool/controllers/default.py: 0
[2013-11-09 18:21:05] EDIT WSD_Tool/controllers/default.py: 0
[2013-11-09 21:37:48] EDIT WSD_Tool/controllers/default.py: 0
[2013-11-09 21:39:08] EDIT WSD_Tool/controllers/default.py: 0
[2013-11-13 00:16:38] EDIT WSD_Tool/controllers/default.py: 0
[2013-11-13 00:16:41] EDIT WSD_Tool/controllers/default.py: 0
[2013-11-13 00:30:26] EDIT WSD_Tool/controllers/default.py: 0
[2013-11-13 00:31:26] EDIT WSD_Tool/controllers/default.py: 0
[2013-11-13 01:08:26] EDIT WSD_Tool/controllers/default.py: 1
[2013-11-13 01:08:45] EDIT WSD_Tool/controllers/default.py: 0
[2013-11-13 01:09:10] EDIT WSD_Tool/controllers/default.py: 0
[2013-11-13 01:09:10] EDIT WSD_Tool/controllers/default.py: 0
[2013-11-13 01:09:10] EDIT WSD_Tool/controllers/default.py: 0
[2013-11-13 01:09:59] EDIT WSD_Tool/controllers/default.py: 0
[2013-11-13 01:10:42] EDIT WSD_Tool/controllers/default.py: 0
[2013-11-13 01:11:00] EDIT WSD_Tool/controllers/default.py: 0
[2013-11-13 01:12:03] EDIT WSD_Tool/controllers/default.py: 0
[2013-11-13 01:19:22] EDIT WSD_Tool/controllers/default.py: 0
[2013-11-13 01:20:31] EDIT WSD_Tool/controllers/default.py: 0
[2013-11-13 01:23:02] EDIT WSD_Tool/controllers/default.py: 0
[2013-11-13 01:26:04] EDIT WSD_Tool/controllers/default.py: 0
[2013-11-13 01:31:05] EDIT WSD_Tool/controllers/default.py: 0
[2013-11-13 01:39:43] EDIT WSD_Tool/controllers/default.py: 2
[2013-11-13 01:46:53] EDIT WSD_Tool/controllers/default.py: -2
[2013-11-13 09:54:58] EDIT WSD_Tool/controllers/default.py: 0
[2013-11-13 09:56:12] EDIT WSD_Tool/controllers/default.py: 0
[2013-11-13 10:18:30] EDIT WSD_Tool/controllers/default.py: 3
[2013-11-13 10:18:46] EDIT WSD_Tool/controllers/default.py: 0
[2013-11-13 10:18:50] EDIT WSD_Tool/controllers/default.py: 0
[2013-11-13 10:20:08] EDIT WSD_Tool/controllers/default.py: 0
[2013-11-13 10:20:52] EDIT WSD_Tool/controllers/default.py: 0
[2013-11-13 10:30:17] EDIT WSD_Tool/controllers/default.py: 10
[2013-11-13 10:33:00] EDIT WSD_Tool/controllers/default.py: 0
[2013-11-13 10:33:15] EDIT WSD_Tool/controllers/default.py: -6
[2013-11-13 10:42:43] EDIT WSD_Tool/models/db.py: 0
[2013-11-13 10:43:16] EDIT WSD_Tool/controllers/default.py: 3
[2013-11-13 10:43:22] EDIT WSD_Tool/controllers/default.py: 0
[2013-11-13 10:45:40] EDIT WSD_Tool/controllers/default.py: 0
[2013-11-13 10:47:29] EDIT WSD_Tool/controllers/default.py: 0
[2013-11-13 10:50:49] EDIT WSD_Tool/controllers/default.py: 3
[2013-11-13 10:53:08] EDIT WSD_Tool/controllers/default.py: 4
[2013-11-13 10:53:56] EDIT WSD_Tool/controllers/default.py: 0
[2013-11-13 10:55:28] EDIT WSD_Tool/controllers/default.py: 1
[2013-11-13 10:57:06] EDIT WSD_Tool/controllers/default.py: 0
[2013-11-13 10:57:53] EDIT WSD_Tool/controllers/default.py: 0
[2013-11-13 10:59:26] EDIT WSD_Tool/controllers/default.py: -2
[2013-11-13 11:02:32] EDIT WSD_Tool/controllers/default.py: 0
[2013-11-13 11:03:58] EDIT WSD_Tool/controllers/default.py: 0
[2013-11-13 11:07:55] EDIT WSD_Tool/controllers/default.py: 1
[2013-11-13 11:08:20] EDIT WSD_Tool/controllers/default.py: 1
[2013-11-13 11:10:05] EDIT WSD_Tool/controllers/default.py: -1
[2013-11-13 11:11:30] EDIT WSD_Tool/controllers/default.py: 1
[2013-11-13 11:14:00] EDIT WSD_Tool/controllers/default.py: 0
[2013-11-13 11:18:07] EDIT WSD_Tool/controllers/default.py: 0
[2013-11-13 11:19:20] EDIT WSD_Tool/controllers/default.py: 1
[2013-11-13 11:19:36] EDIT WSD_Tool/controllers/default.py: 0
[2013-11-13 11:19:56] EDIT WSD_Tool/controllers/default.py: 0
[2013-11-13 11:20:44] EDIT WSD_Tool/controllers/default.py: 0
[2013-11-13 11:22:15] EDIT WSD_Tool/controllers/default.py: 0
[2013-11-13 11:23:34] EDIT WSD_Tool/controllers/default.py: 0
[2013-11-13 11:24:10] EDIT WSD_Tool/controllers/default.py: 0
[2013-11-13 11:25:37] EDIT WSD_Tool/controllers/default.py: 0
[2013-11-13 11:29:21] EDIT WSD_Tool/controllers/default.py: -2
[2013-11-13 14:10:05] EDIT WSD_Tool/controllers/default.py: 3
[2013-11-13 16:18:27] EDIT WSD_Tool/controllers/default.py: 24
[2013-11-13 16:18:40] EDIT WSD_Tool/controllers/default.py: 0
[2013-11-13 16:19:31] EDIT WSD_Tool/controllers/default.py: 0
[2013-11-13 16:19:47] EDIT WSD_Tool/controllers/default.py: 0
[2013-11-13 16:20:05] EDIT WSD_Tool/controllers/default.py: 0
[2013-11-13 16:22:36] EDIT WSD_Tool/controllers/default.py: 3
[2013-11-13 16:23:25] EDIT WSD_Tool/controllers/default.py: 0
[2013-11-13 16:24:17] EDIT WSD_Tool/controllers/default.py: 0
[2013-11-13 16:24:36] EDIT WSD_Tool/controllers/default.py: 0
[2013-11-13 16:25:24] EDIT WSD_Tool/controllers/default.py: 0
[2013-11-13 16:25:54] EDIT WSD_Tool/controllers/default.py: 0
[2013-11-13 16:26:02] EDIT WSD_Tool/controllers/default.py: 0
[2013-11-13 16:26:50] EDIT WSD_Tool/controllers/default.py: 0
[2013-11-13 16:27:35] EDIT WSD_Tool/controllers/default.py: 0
[2013-11-13 16:28:03] EDIT WSD_Tool/controllers/default.py: 0
[2013-11-13 16:28:15] EDIT WSD_Tool/controllers/default.py: 0
[2013-11-13 16:29:22] EDIT WSD_Tool/controllers/default.py: 3
[2013-11-13 16:29:27] EDIT WSD_Tool/controllers/default.py: 0
[2013-11-13 16:29:30] EDIT WSD_Tool/controllers/default.py: 0
[2013-11-13 16:29:35] EDIT WSD_Tool/controllers/default.py: -1
[2013-11-13 16:36:28] EDIT WSD_Tool/controllers/default.py: 5
[2013-11-13 16:36:38] EDIT WSD_Tool/controllers/default.py: 0
[2013-11-13 16:43:09] EDIT WSD_Tool/controllers/default.py: 14
[2013-11-13 16:46:04] EDIT WSD_Tool/controllers/default.py: 0
[2013-11-13 16:49:02] EDIT WSD_Tool/views/default/typ.html: 0
[2013-11-13 22:39:40] EDIT WSD_Tool/controllers/default.py: 0
[2013-11-13 22:39:50] EDIT WSD_Tool/controllers/default.py: 0
[2013-11-13 22:40:42] EDIT WSD_Tool/controllers/default.py: 0
[2013-11-13 22:42:48] EDIT WSD_Tool/controllers/default.py: 0
[2013-11-13 22:43:15] EDIT WSD_Tool/controllers/default.py: 0
[2013-11-13 22:55:15] EDIT WSD_Tool/controllers/default.py: 0
[2013-11-13 23:34:05] EDIT WSD_Tool/controllers/default.py: 0
[2013-11-15 14:26:15] EDIT WSD/models/db.py: 5
[2013-11-15 14:26:22] EDIT WSD/models/db.py: 0
[2013-11-15 14:26:26] EDIT WSD/models/db.py: 0
[2013-11-15 14:26:43] EDIT WSD/models/db.py: 0
[2013-11-15 14:37:08] EDIT WSD/models/db.py: 4
[2013-11-15 14:37:46] EDIT WSD/models/db.py: -2
[2013-11-15 14:42:09] EDIT WSD/controllers/default.py: 3
[2013-11-15 14:42:18] EDIT WSD/controllers/default.py: 0
[2013-11-15 14:57:55] EDIT WSD/controllers/default.py: 2
[2013-11-15 14:58:57] EDIT WSD/controllers/default.py: 0
[2013-11-15 15:01:40] EDIT WSD/controllers/default.py: 1
[2013-11-15 15:05:34] EDIT WSD/controllers/default.py: 0
[2013-11-15 15:08:06] EDIT WSD/controllers/default.py: 0
[2013-11-15 15:08:42] EDIT WSD/controllers/default.py: 1
[2013-11-15 15:10:20] EDIT WSD/controllers/default.py: 0
[2013-11-15 15:11:42] EDIT WSD/controllers/default.py: 1
[2013-11-15 15:11:46] EDIT WSD/controllers/default.py: 1
[2013-11-15 15:12:00] EDIT WSD/controllers/default.py: 0
[2013-11-15 15:13:00] EDIT WSD/controllers/default.py: 0
[2013-11-15 15:14:05] EDIT WSD/controllers/default.py: 0
[2013-11-15 15:14:44] EDIT WSD/views/default/addword.html: 0
[2013-11-15 15:17:25] EDIT WSD/controllers/default.py: 1
[2013-11-15 15:17:36] EDIT WSD/controllers/default.py: 0
[2013-11-15 15:22:27] EDIT WSD/controllers/default.py: 0
[2013-11-15 15:22:41] EDIT WSD/controllers/default.py: 0
[2013-11-15 15:23:41] EDIT WSD/controllers/default.py: 0
[2013-11-15 15:25:04] EDIT WSD/controllers/default.py: 0
[2013-11-15 15:38:47] EDIT WSD/views/default/addword.html: 0
[2013-11-15 15:40:42] EDIT WSD/controllers/default.py: 1
[2013-11-15 15:42:15] EDIT WSD/controllers/default.py: 0
[2013-11-15 15:43:57] EDIT WSD/controllers/default.py: 0
[2013-11-15 15:47:34] EDIT WSD/controllers/default.py: 0
[2013-11-15 15:47:53] EDIT WSD/controllers/default.py: 0
[2013-11-15 16:37:02] EDIT WSD/controllers/default.py: 0
[2013-11-15 16:51:36] EDIT WSD/controllers/default.py: 4
[2013-11-15 16:51:42] EDIT WSD/controllers/default.py: 0
[2013-11-15 16:53:47] EDIT WSD/controllers/default.py: 0
[2013-11-15 16:54:01] EDIT WSD/controllers/default.py: 1
[2013-11-15 16:56:50] EDIT WSD/controllers/default.py: -1
[2013-11-15 16:57:18] EDIT WSD/controllers/default.py: 0
[2013-11-15 16:58:06] EDIT WSD/controllers/default.py: 0
[2013-11-15 17:48:01] EDIT WSD/controllers/default.py: 5
[2013-11-15 17:49:22] EDIT WSD/controllers/default.py: 1
[2013-11-15 17:51:06] EDIT WSD/controllers/default.py: 0
[2013-11-15 17:54:17] EDIT WSD/views/default/rel.html: 1
[2013-11-15 17:55:00] EDIT WSD/controllers/default.py: 1
[2013-11-15 17:56:22] EDIT WSD/controllers/default.py: 1
[2013-11-15 17:56:33] EDIT WSD/controllers/default.py: 0
[2013-11-15 17:58:20] EDIT WSD/controllers/default.py: -1
[2013-11-15 18:00:07] EDIT WSD/controllers/default.py: 0
[2013-11-15 18:00:54] EDIT WSD/controllers/default.py: 0
[2013-11-15 18:02:26] EDIT WSD/controllers/default.py: -1
[2013-11-15 18:06:07] EDIT WSD/controllers/default.py: -6
[2013-11-15 18:15:29] EDIT WSD/controllers/default.py: 0
[2013-11-15 18:15:53] EDIT WSD/controllers/default.py: 0
[2013-11-15 18:15:59] EDIT WSD/controllers/default.py: 0
[2013-11-15 18:16:22] EDIT WSD/controllers/default.py: 0
[2013-11-15 18:18:05] EDIT WSD/controllers/default.py: 3
[2013-11-15 18:18:34] EDIT WSD/controllers/default.py: 1
[2013-11-15 18:18:51] EDIT WSD/views/default/rel.html: -1
[2013-11-15 18:21:18] EDIT WSD/controllers/default.py: 0
[2013-11-15 18:21:48] EDIT WSD/controllers/default.py: 0
[2013-11-15 18:22:02] EDIT WSD/controllers/default.py: 0
[2013-11-15 18:22:16] EDIT WSD/controllers/default.py: -1
[2013-11-15 18:23:01] EDIT WSD/controllers/default.py: 0
[2013-11-15 18:25:32] EDIT WSD/controllers/default.py: 0
[2013-11-15 18:27:14] EDIT WSD/controllers/default.py: 0
[2013-11-15 18:28:18] EDIT WSD/controllers/default.py: 0
[2013-11-15 18:29:31] EDIT WSD/controllers/default.py: 0
[2013-11-15 18:30:23] EDIT WSD/controllers/default.py: 0
[2013-11-15 18:30:23] EDIT WSD/controllers/default.py: 0
[2013-11-15 18:30:46] EDIT WSD/controllers/default.py: 0
[2013-11-15 18:31:37] EDIT WSD/controllers/default.py: 0
[2013-11-15 18:33:00] EDIT WSD/controllers/default.py: 0
[2013-11-15 18:34:41] EDIT WSD/controllers/default.py: 0
[2013-11-15 18:34:52] EDIT WSD/controllers/default.py: 1
[2013-11-15 18:35:47] EDIT WSD/controllers/default.py: 0
[2013-11-15 18:44:14] EDIT WSD/controllers/default.py: 0
[2013-11-15 18:45:28] EDIT WSD/controllers/default.py: 0
[2013-11-15 18:45:46] EDIT WSD/controllers/default.py: 0
[2013-11-15 18:48:20] EDIT WSD/views/default/index.html: 0
[2013-11-15 18:48:27] EDIT WSD/views/default/index.html: 0
[2013-11-15 18:50:12] EDIT WSD/views/default/index.html: 0
[2013-11-15 18:50:19] EDIT WSD/views/default/index.html: 0
[2013-11-15 18:50:44] EDIT WSD/views/default/index.html: 0
[2013-11-15 18:51:16] EDIT WSD/controllers/default.py: 0
[2013-11-18 00:52:07] EDIT WSD/views/default/novi.html: -14
[2013-11-18 00:52:21] EDIT WSD/views/default/novi.html: 0
[2013-11-18 00:53:15] EDIT WSD/views/default/novi.html: 0
[2013-11-18 00:54:00] EDIT WSD/views/default/novi.html: 0
[2013-11-18 00:54:20] EDIT WSD/views/default/novi.html: 0
[2013-11-18 00:54:33] EDIT WSD/views/default/novi.html: 0
[2013-11-18 00:54:37] EDIT WSD/views/default/novi.html: 0
[2013-11-18 00:54:50] EDIT WSD/views/default/novi.html: -1
[2013-11-18 00:55:42] EDIT WSD/views/default/novi.html: 0
[2013-11-18 00:56:12] EDIT WSD/views/default/novi.html: 0
[2013-11-18 00:57:49] EDIT WSD/views/default/novi.html: 6
[2013-11-18 00:58:05] EDIT WSD/views/default/novi.html: 0
[2013-11-18 00:58:18] EDIT WSD/views/default/novi.html: 0
[2013-11-18 00:58:33] EDIT WSD/views/default/novi.html: 4
[2013-11-18 00:58:36] EDIT WSD/views/default/novi.html: 0
[2013-11-18 00:58:54] EDIT WSD/views/default/novi.html: 0
[2013-11-18 00:59:09] EDIT WSD/views/default/novi.html: 0
[2013-11-18 01:01:12] EDIT WSD/views/default/novi.html: 4
[2013-11-18 01:01:27] EDIT WSD/views/default/novi.html: 0
[2013-11-18 01:02:13] EDIT WSD/views/default/novi.html: 1
[2013-11-18 01:02:39] EDIT WSD/views/default/novi.html: 0
[2013-11-18 01:03:10] EDIT WSD/views/default/novi.html: 0
[2013-11-18 01:03:20] EDIT WSD/views/default/novi.html: 0
[2013-11-18 01:05:41] EDIT WSD/views/default/novi.html: 5
[2013-11-18 01:05:56] EDIT WSD/views/default/novi.html: 0
[2013-11-18 01:07:29] EDIT WSD/views/default/novi.html: 4
[2013-11-18 01:07:59] EDIT WSD/views/default/novi.html: 0
[2013-11-18 01:08:11] EDIT WSD/views/default/novi.html: 0
[2013-11-18 01:09:16] EDIT WSD/views/default/novi.html: 2
[2013-11-18 01:10:03] EDIT WSD/views/default/novi.html: 4
[2013-11-18 01:10:33] EDIT WSD/views/default/novi.html: 6
[2013-11-18 01:11:09] EDIT WSD/views/default/novi.html: 0
[2013-11-18 01:11:44] EDIT WSD/views/default/novi.html: 0
[2013-11-18 01:12:30] EDIT WSD/views/default/novi.html: 4
[2013-11-18 01:13:02] EDIT WSD/views/default/novi.html: 8
[2013-11-18 01:13:23] EDIT WSD/views/default/novi.html: 0
[2013-11-18 01:13:30] EDIT WSD/views/default/novi.html: 0
[2013-11-18 01:13:53] EDIT WSD/views/default/novi.html: 0
[2013-11-18 01:14:10] EDIT WSD/views/default/novi.html: 0
[2013-11-18 01:15:25] EDIT WSD/views/default/novi.html: 0
[2013-11-18 01:15:34] EDIT WSD/views/default/novi.html: 0
[2013-11-18 01:16:30] EDIT WSD/views/default/novi.html: 0
[2013-11-18 01:17:56] EDIT WSD/views/default/novi.html: 2
[2013-11-18 01:18:13] EDIT WSD/views/default/novi.html: 3
[2013-11-18 01:18:38] EDIT WSD/views/default/novi.html: 1
[2013-11-18 01:24:44] EDIT WSD/views/default/novi.html: 1
[2013-11-18 01:25:00] EDIT WSD/views/default/novi.html: 0
[2013-11-18 01:25:13] EDIT WSD/views/default/novi.html: 2
[2013-11-18 01:25:22] EDIT WSD/views/default/novi.html: 1
[2013-11-18 01:25:31] EDIT WSD/views/default/novi.html: 0
[2013-11-18 01:25:41] EDIT WSD/views/default/novi.html: 1
[2013-11-18 01:25:57] EDIT WSD/views/default/novi.html: 0
[2013-11-18 01:32:14] EDIT WSD/views/default/novi.html: 1
[2013-11-18 01:34:11] EDIT WSD/views/default/novi.html: 0
[2013-11-18 01:34:24] EDIT WSD/views/default/novi.html: 0
[2013-11-18 01:34:38] EDIT WSD/views/default/novi.html: 0
[2013-11-18 01:35:26] EDIT WSD/views/default/novi.html: 0
[2013-11-18 01:35:32] EDIT WSD/views/default/novi.html: 0
[2013-11-18 01:35:57] EDIT WSD/views/default/novi.html: -1
[2013-11-18 01:36:33] EDIT WSD/views/default/novi.html: 0
[2013-11-18 01:38:08] EDIT WSD/views/default/novi.html: 6
[2013-11-18 01:38:26] EDIT WSD/views/default/novi.html: -5
[2013-11-18 01:38:49] EDIT WSD/views/default/novi.html: 0
[2013-11-18 01:39:26] EDIT WSD/views/default/novi.html: 0
[2013-11-18 15:55:22] EDIT WSD/models/db.py: 7
[2013-11-18 15:55:28] EDIT WSD/models/db.py: 0
[2013-11-18 15:55:30] EDIT WSD/models/db.py: 0
[2013-11-18 16:01:16] EDIT WSD/models/db.py: 0
[2013-11-18 16:02:04] EDIT WSD/models/db.py: 0
[2013-11-18 16:02:43] EDIT WSD/models/db.py: 0
[2013-11-18 16:02:57] EDIT WSD/models/db.py: -4
[2013-11-18 16:03:31] EDIT WSD/models/db.py: 4
[2013-11-18 16:03:33] EDIT WSD/models/db.py: 0
[2013-11-18 16:05:37] EDIT WSD/models/db.py: 0
[2013-11-18 16:10:52] EDIT WSD/views/default/novi.html: 0
[2013-11-18 16:11:19] EDIT WSD/views/default/novi.html: 0
[2013-11-18 16:11:35] EDIT WSD/views/default/novi.html: 0
[2013-11-18 16:13:11] EDIT WSD/views/default/novi.html: 0
[2013-11-18 16:13:15] EDIT WSD/views/default/novi.html: 0
[2013-11-18 16:18:50] EDIT WSD/controllers/default.py: 3
[2013-11-18 16:19:16] EDIT WSD/controllers/default.py: 0
[2013-11-18 16:19:29] EDIT WSD/controllers/default.py: -1
[2013-11-18 16:23:37] EDIT WSD/models/db.py: 1
[2013-11-18 16:26:50] EDIT WSD/views/default/novi.html: 0
[2013-11-18 16:27:08] EDIT WSD/views/default/novi.html: 1
[2013-11-18 16:45:12] EDIT WSD/views/default/novi.html: 0
[2013-11-18 16:52:28] EDIT WSD/controllers/default.py: 16
[2013-11-18 16:52:55] EDIT WSD/controllers/default.py: 0
[2013-11-18 16:53:05] EDIT WSD/views/default/novi.html: 0
[2013-11-18 16:55:04] EDIT WSD/controllers/default.py: 1
[2013-11-18 16:55:44] EDIT WSD/controllers/default.py: 0
[2013-11-18 16:55:57] EDIT WSD/controllers/default.py: 0
[2013-11-18 16:56:12] EDIT WSD/controllers/default.py: 0
[2013-11-18 17:02:49] EDIT WSD/controllers/default.py: 0
[2013-11-18 19:59:29] EDIT WSD/views/default/novi.html: 0
[2013-11-18 20:00:17] EDIT WSD/views/default/novi.html: 0
[2013-11-18 20:01:07] EDIT WSD/views/default/novi.html: 1
[2013-11-18 20:02:56] EDIT WSD/views/default/novi.html: 3
[2013-11-18 20:03:25] EDIT WSD/views/default/novi.html: -1
[2013-11-18 20:03:45] EDIT WSD/views/default/novi.html: 0
[2013-11-18 20:05:53] EDIT WSD/views/default/novi.html: 0
[2013-11-18 20:10:40] EDIT WSD/views/default/novi.html: -1
[2013-11-18 20:12:42] EDIT WSD/views/default/novi.html: 0
[2013-11-18 20:13:11] EDIT WSD/views/default/novi.html: 0
[2013-11-18 20:15:29] EDIT WSD/views/default/novi.html: -1
[2013-11-18 20:17:50] EDIT WSD/views/default/novi.html: 0
[2013-11-18 20:18:25] EDIT WSD/views/default/novi.html: 0
[2013-11-18 20:18:40] EDIT WSD/views/default/novi.html: 0
[2013-11-18 20:20:35] EDIT WSD/views/default/novi.html: 0
[2013-11-18 20:22:07] EDIT WSD/views/default/novi.html: 0
[2013-11-18 20:22:35] EDIT WSD/views/default/novi.html: 0
[2013-11-18 21:53:52] EDIT WSD/views/default/novi.html: 0
[2013-11-18 21:54:42] EDIT WSD/views/default/novi.html: 0
[2013-11-18 22:17:27] EDIT WSD/views/default/novi.html: 0
[2013-11-18 22:18:16] EDIT WSD/views/default/novi.html: 0
[2013-11-18 22:19:27] EDIT WSD/views/default/novi.html: 0
[2013-11-18 22:20:30] EDIT WSD/views/default/novi.html: 0
[2013-11-18 22:24:55] EDIT WSD/views/default/novi.html: 0
[2013-11-18 22:26:15] EDIT WSD/views/default/novi.html: 0
[2013-11-18 22:31:13] EDIT WSD/views/default/novi.html: 0
[2013-11-18 22:33:34] EDIT WSD/views/default/novi.html: 0
[2013-11-18 22:34:06] EDIT WSD/views/default/novi.html: 0
[2013-11-18 22:34:50] EDIT WSD/views/default/novi.html: 0
[2013-11-18 22:36:14] EDIT WSD/views/default/novi.html: 0
[2013-11-18 22:44:55] EDIT WSD/views/default/novi.html: 0
[2013-11-18 23:05:06] EDIT WSD/views/default/novi.html: 0
[2013-11-18 23:06:30] EDIT WSD/views/default/novi.html: 1
[2013-11-18 23:06:47] EDIT WSD/views/default/novi.html: 0
[2013-11-18 23:08:38] EDIT WSD/views/default/novi.html: 0
[2013-11-18 23:09:12] EDIT WSD/views/default/novi.html: 0
[2013-11-18 23:11:11] EDIT WSD/views/default/novi.html: 0
[2013-11-18 23:11:35] EDIT WSD/views/default/novi.html: 0
[2013-11-18 23:11:48] EDIT WSD/views/default/novi.html: 0
[2013-11-18 23:11:55] EDIT WSD/views/default/novi.html: 0
[2013-11-18 23:12:10] EDIT WSD/views/default/novi.html: 0
[2013-11-18 23:12:30] EDIT WSD/views/default/novi.html: 0
[2013-11-18 23:13:41] EDIT WSD/views/default/novi.html: 0
[2013-11-18 23:14:21] EDIT WSD/views/default/novi.html: 0
[2013-11-18 23:14:28] EDIT WSD/views/default/novi.html: 0
[2013-11-18 23:15:01] EDIT WSD/views/default/novi.html: 0
[2013-11-18 23:16:51] EDIT WSD/views/default/novi.html: 0
[2013-11-18 23:17:27] EDIT WSD/views/default/novi.html: 0
[2013-11-18 23:29:13] EDIT WSD/views/default/novi.html: 0
[2013-11-18 23:29:29] EDIT WSD/views/default/novi.html: 0
[2013-11-18 23:32:16] EDIT WSD/views/default/novi.html: 0
[2013-11-18 23:32:39] EDIT WSD/views/default/novi.html: 0
[2013-11-18 23:32:55] EDIT WSD/views/default/novi.html: 0
[2013-11-18 23:38:29] EDIT WSD/controllers/default.py: 0
[2013-11-18 23:39:00] EDIT WSD/controllers/default.py: 0
[2013-11-18 23:39:02] EDIT WSD/controllers/default.py: 0
[2013-11-18 23:40:05] EDIT WSD/controllers/default.py: 0
[2013-11-18 23:40:14] EDIT WSD/controllers/default.py: 0
[2013-11-18 23:40:53] EDIT WSD/controllers/default.py: 0
[2013-11-18 23:41:14] EDIT WSD/controllers/default.py: 0
[2013-11-18 23:41:43] EDIT WSD/views/default/novi.html: 0
[2013-11-18 23:42:44] EDIT WSD/controllers/default.py: 1
[2013-11-18 23:43:02] EDIT WSD/controllers/default.py: 2
[2013-11-18 23:44:39] EDIT WSD/controllers/default.py: -3
[2013-11-18 23:44:58] EDIT WSD/controllers/default.py: 0
[2013-11-18 23:45:27] EDIT WSD/controllers/default.py: 1
[2013-11-18 23:46:02] EDIT WSD/controllers/default.py: 0
[2013-11-18 23:46:07] EDIT WSD/controllers/default.py: -1
[2013-11-18 23:49:16] EDIT WSD/controllers/default.py: 0
[2013-11-18 23:49:32] EDIT WSD/controllers/default.py: 0
[2013-11-18 23:49:38] EDIT WSD/controllers/default.py: 0
[2013-11-18 23:51:20] EDIT WSD/controllers/default.py: 0
[2013-11-18 23:52:47] EDIT WSD/controllers/default.py: 1
[2013-11-18 23:54:01] EDIT WSD/controllers/default.py: 0
[2013-11-18 23:56:21] EDIT WSD/views/default/novi.html: 0
[2013-11-18 23:56:44] EDIT WSD/views/default/novi.html: 0
[2013-11-19 00:00:57] EDIT WSD/views/default/novi.html: 0
[2013-11-19 03:35:09] EDIT WSD/views/default/home.html: 2
[2013-11-19 03:36:07] EDIT WSD/views/default/home.html: 0
[2013-11-19 03:48:30] EDIT WSD/controllers/default.py: 13
[2013-11-19 03:49:51] EDIT WSD/controllers/default.py: 2
[2013-11-19 03:51:04] CREATE default/sel_novice.html: 0
[2013-11-19 03:51:15] EDIT WSD/views/default/sel_novice.html: -1
[2013-11-19 03:51:56] CREATE default/disp_novice.html: 0
[2013-11-19 04:03:01] EDIT WSD/views/default/disp_novice.html: 32
[2013-11-19 04:03:17] EDIT WSD/views/default/disp_novice.html: 0
[2013-11-19 04:03:34] EDIT WSD/views/default/disp_novice.html: 0
[2013-11-19 04:27:31] EDIT WSD/views/default/disp_novice.html: 0
[2013-11-19 04:28:00] EDIT WSD/views/default/disp_novice.html: 88
[2013-11-19 04:37:18] EDIT WSD/views/default/disp_novice.html: -21
[2013-11-19 04:39:51] EDIT WSD/views/default/disp_novice.html: 28
[2013-11-19 04:50:09] EDIT WSD/controllers/default.py: 2
[2013-11-19 04:50:57] EDIT WSD/views/default/disp_novice.html: 1
[2013-11-19 04:51:53] EDIT WSD/views/default/disp_novice.html: 0
[2013-11-19 04:52:15] EDIT WSD/views/default/disp_novice.html: 0
[2013-11-19 04:52:26] EDIT WSD/views/default/disp_novice.html: 0
[2013-11-19 04:52:34] EDIT WSD/views/default/disp_novice.html: 0
[2013-11-19 04:52:46] EDIT WSD/views/default/disp_novice.html: 0
[2013-11-19 04:53:24] EDIT WSD/views/default/disp_novice.html: 0
[2013-11-19 04:53:47] EDIT WSD/views/default/disp_novice.html: 0
[2013-11-19 04:53:59] EDIT WSD/views/default/disp_novice.html: 0
[2013-11-19 04:55:30] EDIT WSD/views/default/disp_novice.html: 0
[2013-11-19 04:55:44] EDIT WSD/views/default/disp_novice.html: 0
[2013-11-19 04:56:04] EDIT WSD/views/default/disp_novice.html: 0
[2013-11-19 04:56:57] EDIT WSD/views/default/disp_novice.html: 0
[2013-11-19 05:07:32] EDIT WSD/controllers/default.py: 0
[2013-11-19 05:56:29] EDIT WSD/views/default/home.html: 1
[2013-11-19 05:56:40] EDIT WSD/views/default/home.html: 0
[2013-11-19 05:56:50] EDIT WSD/views/default/home.html: 0
[2013-11-19 05:59:24] EDIT WSD/views/default/home.html: 0
[2013-11-19 05:59:44] EDIT WSD/views/default/home.html: 0
[2013-11-19 05:59:56] EDIT WSD/views/default/home.html: 0
[2013-11-19 06:01:03] EDIT WSD/views/default/home.html: -1
[2013-11-19 06:04:26] EDIT WSD/views/default/home.html: 0
[2013-11-19 11:49:36] EDIT WSD/views/default/home.html: 1
[2013-11-19 11:53:48] EDIT WSD/controllers/default.py: 18
[2013-11-19 11:53:54] EDIT WSD/controllers/default.py: -1
[2013-11-19 12:49:54] EDIT WSD/views/default/reasonc.html: 2
[2013-11-19 12:50:32] EDIT WSD/views/default/word_selectc.html: 2
[2013-11-19 12:53:03] EDIT WSD/views/default/home.html: 0
[2013-11-19 12:53:52] EDIT WSD/views/default/home.html: 0
[2013-11-19 12:54:22] EDIT WSD/views/default/home.html: 0
[2013-11-19 12:56:59] EDIT WSD/views/default/word_select.html: 5
[2013-11-19 12:58:03] EDIT WSD/views/default/word_select.html: 2
[2013-11-19 12:58:17] EDIT WSD/views/default/word_select.html: -1
[2013-11-19 12:59:36] EDIT WSD/views/default/word_select.html: 0
[2013-11-19 13:00:07] EDIT WSD/views/default/word_select.html: 2
[2013-11-19 13:03:42] EDIT WSD/views/default/word_selectc.html: 6
[2013-11-19 13:04:28] EDIT WSD/views/default/word_selectc.html: 0
[2013-11-19 13:04:41] EDIT WSD/views/default/word_selectc.html: 0
[2013-11-19 13:05:16] EDIT WSD/views/default/word_selectc.html: 0
[2013-11-19 13:07:45] EDIT WSD/views/default/word_selectc.html: 11
[2013-11-19 13:10:42] EDIT WSD/views/default/word_selectc.html: 3
[2013-11-19 13:11:08] EDIT WSD/views/default/word_selectc.html: 1
[2013-11-19 13:11:36] EDIT WSD/views/default/word_selectc.html: 0
[2013-11-19 13:12:04] EDIT WSD/views/default/word_selectc.html: 2
[2013-11-19 13:13:02] EDIT WSD/views/default/word_selectc.html: -4
[2013-11-19 13:13:55] EDIT WSD/views/default/word_selectc.html: -2
[2013-11-19 13:14:33] EDIT WSD/views/default/word_selectc.html: 0
[2013-11-19 13:14:50] EDIT WSD/views/default/word_selectc.html: 0
[2013-11-19 13:15:31] EDIT WSD/views/default/word_selectc.html: 0
[2013-11-19 13:15:41] EDIT WSD/views/default/word_selectc.html: 0
[2013-11-19 13:16:00] EDIT WSD/views/default/word_selectc.html: 0
[2013-11-19 13:16:39] EDIT WSD/views/default/word_selectc.html: 0
[2013-11-19 13:16:50] EDIT WSD/views/default/word_selectc.html: 0
[2013-11-19 13:17:03] EDIT WSD/views/default/word_selectc.html: 0
[2013-11-19 13:17:09] EDIT WSD/views/default/word_selectc.html: 0
[2013-11-19 13:18:55] EDIT WSD/views/default/word_selectc.html: 0
[2013-11-19 13:19:07] EDIT WSD/views/default/word_selectc.html: 0
[2013-11-19 13:19:14] EDIT WSD/views/default/word_selectc.html: 0
[2013-11-19 13:20:02] EDIT WSD/views/default/word_selectc.html: 0
[2013-11-19 13:20:17] EDIT WSD/views/default/word_selectc.html: 0
[2013-11-19 13:20:22] EDIT WSD/views/default/word_selectc.html: 0
[2013-11-19 13:20:27] EDIT WSD/views/default/word_selectc.html: 0
[2013-11-19 13:22:19] EDIT WSD/views/default/word_selectc.html: 0
[2013-11-19 13:22:38] EDIT WSD/views/default/word_selectc.html: 0
[2013-11-19 13:22:53] EDIT WSD/views/default/word_selectc.html: 0
[2013-11-19 13:23:14] EDIT WSD/views/default/word_selectc.html: 0
[2013-11-19 13:24:49] EDIT WSD/views/default/word_select.html: 22
[2013-11-19 13:25:07] EDIT WSD/views/default/word_select.html: -5
[2013-11-19 13:26:20] EDIT WSD/views/default/sentence_select.html: 21
[2013-11-19 13:26:46] EDIT WSD/views/default/sentence_select.html: 3
[2013-11-19 13:27:36] EDIT WSD/views/default/sentence_select.html: 0
[2013-11-19 13:28:16] EDIT WSD/views/default/sentence_select.html: 1
[2013-11-19 13:28:39] EDIT WSD/views/default/sentence_select.html: 0
[2013-11-19 13:31:41] EDIT WSD/views/default/typ.html: 29
[2013-11-19 13:32:36] EDIT WSD/views/default/typ.html: 39
[2013-11-19 13:35:01] EDIT WSD/views/default/word_select.html: 3
[2013-11-19 13:35:45] EDIT WSD/views/default/rel.html: 70
[2013-11-19 13:35:59] EDIT WSD/views/default/rel.html: 0
[2013-11-19 13:36:50] EDIT WSD/views/default/rel.html: 1
[2013-11-19 13:36:58] EDIT WSD/views/default/rel.html: 0
[2013-11-19 13:38:37] EDIT WSD/views/default/sentence_selectc.html: 25
[2013-11-19 13:39:02] EDIT WSD/views/default/sentence_selectc.html: 2
[2013-11-19 13:40:38] EDIT WSD/views/default/reasonc.html: 24
[2013-11-19 13:40:51] EDIT WSD/views/default/reasonc.html: 0
[2013-11-19 13:42:39] EDIT WSD/views/default/novi.html: 25
[2013-11-19 13:50:15] EDIT WSD/views/default/home.html: 3
[2013-11-19 13:52:03] EDIT WSD/views/default/home.html: 3
[2013-11-19 13:53:05] EDIT WSD/views/default/home.html: 6
[2013-11-19 13:53:31] EDIT WSD/views/default/home.html: -5
[2013-11-19 13:53:41] EDIT WSD/views/default/home.html: 1
[2013-11-19 13:54:32] EDIT WSD/views/default/home.html: -1
[2013-11-19 14:01:27] EDIT WSD/views/default/sentence_selectc.html: 0
[2013-11-19 14:01:39] EDIT WSD/views/default/sentence_selectc.html: 0
[2013-11-19 14:02:25] EDIT WSD/views/default/word_selectc.html: 0
[2013-11-19 14:02:43] EDIT WSD/views/default/sentence_selectc.html: 0
[2013-11-19 14:02:54] EDIT WSD/views/default/sentence_selectc.html: 0
[2013-11-19 14:03:04] EDIT WSD/views/default/sentence_selectc.html: 0
[2013-11-19 14:03:45] EDIT WSD/views/default/sentence_selectc.html: 0
[2013-11-19 14:04:12] EDIT WSD/views/default/sentence_selectc.html: 0
[2013-11-19 14:04:15] EDIT WSD/views/default/sentence_selectc.html: 0
[2013-11-19 14:04:28] EDIT WSD/views/default/sentence_selectc.html: 0
[2013-11-19 14:04:57] EDIT WSD/views/default/word_selectc.html: 0
[2013-11-19 14:05:09] EDIT WSD/views/default/word_selectc.html: 0
[2013-11-19 14:05:33] EDIT WSD/views/default/sentence_selectc.html: 0
[2013-11-19 14:05:43] EDIT WSD/views/default/sentence_selectc.html: 0
[2013-11-19 14:05:56] EDIT WSD/views/default/sentence_selectc.html: 0
[2013-11-19 14:06:13] EDIT WSD/views/default/word_selectc.html: 0
[2013-11-19 14:06:34] EDIT WSD/views/default/word_selectc.html: 0
[2013-11-19 14:06:52] EDIT WSD/views/default/word_selectc.html: 0
[2013-11-19 14:07:01] EDIT WSD/views/default/word_selectc.html: 0
[2013-11-19 14:07:09] EDIT WSD/views/default/word_selectc.html: 0
[2013-11-19 14:07:21] EDIT WSD/views/default/word_selectc.html: 0
[2013-11-19 14:08:28] EDIT WSD/views/default/word_select.html: 0
[2013-11-19 14:14:24] EDIT WSD/views/default/sentence_select.html: 0
[2013-11-19 14:14:57] EDIT WSD/views/default/sentence_select.html: 0
[2013-11-19 14:15:02] EDIT WSD/views/default/sentence_select.html: 0
[2013-11-19 14:15:12] EDIT WSD/views/default/sentence_select.html: 0
[2013-11-19 14:15:27] EDIT WSD/views/default/sentence_select.html: 0
[2013-11-19 14:15:38] EDIT WSD/views/default/sentence_select.html: 0
[2013-11-19 14:15:46] EDIT WSD/views/default/sentence_select.html: 0
[2013-11-19 14:15:56] EDIT WSD/views/default/sentence_select.html: 0
[2013-11-19 14:20:30] EDIT WSD/views/default/typ.html: 0
[2013-11-19 14:21:03] EDIT WSD/views/default/typ.html: 0
[2013-11-19 14:21:32] EDIT WSD/views/default/typ.html: 0
[2013-11-19 14:22:02] EDIT WSD/views/default/typ.html: 0
[2013-11-19 14:22:21] EDIT WSD/views/default/typ.html: 0
[2013-11-19 14:22:30] EDIT WSD/views/default/typ.html: 0
[2013-11-19 14:23:32] EDIT WSD/views/default/typ.html: 0
[2013-11-19 14:23:47] EDIT WSD/views/default/typ.html: 0
[2013-11-19 14:24:41] EDIT WSD/views/default/typ.html: 0
[2013-11-19 14:25:45] EDIT WSD/views/default/typ.html: 0
[2013-11-19 14:34:36] EDIT WSD/views/default/rel.html: 1
[2013-11-19 14:35:12] EDIT WSD/views/default/rel.html: 0
[2013-11-19 14:35:34] EDIT WSD/views/default/rel.html: 0
[2013-11-19 14:35:49] EDIT WSD/views/default/rel.html: 0
[2013-11-19 14:37:40] EDIT WSD/views/default/sentence_selectc.html: 0
[2013-11-19 14:37:50] EDIT WSD/views/default/sentence_selectc.html: 0
[2013-11-19 14:38:03] EDIT WSD/views/default/sentence_selectc.html: 0
[2013-11-19 14:38:30] EDIT WSD/views/default/reasonc.html: 0
[2013-11-19 14:40:34] EDIT WSD/views/default/reasonc.html: 0
[2013-11-19 14:40:53] EDIT WSD/views/default/reasonc.html: 0
[2013-11-19 14:41:01] EDIT WSD/views/default/reasonc.html: 0
[2013-11-19 14:41:42] EDIT WSD/views/default/reasonc.html: 0
[2013-11-19 14:42:02] EDIT WSD/views/default/reasonc.html: 0
[2013-11-19 14:42:09] EDIT WSD/views/default/reasonc.html: 0
[2013-11-19 14:43:15] EDIT WSD/views/default/sentence_selectc.html: 0
[2013-11-19 14:46:18] EDIT WSD/views/default/sentence_select.html: 0
[2013-11-19 14:46:26] EDIT WSD/views/default/sentence_select.html: 0
[2013-11-19 14:46:33] EDIT WSD/views/default/sentence_select.html: 0
[2013-11-19 14:46:40] EDIT WSD/views/default/sentence_select.html: 0
[2013-11-19 14:47:26] EDIT WSD/views/default/typ.html: 0
[2013-11-19 14:47:30] EDIT WSD/views/default/typ.html: 0
[2013-11-19 14:47:36] EDIT WSD/views/default/typ.html: 0
[2013-11-19 14:47:42] EDIT WSD/views/default/typ.html: 0
[2013-11-19 14:47:45] EDIT WSD/views/default/typ.html: 0
[2013-11-19 16:12:19] EDIT WSD/views/default/novi.html: 0
[2013-12-01 15:59:34] EDIT WSD/controllers/default.py: 4
[2013-12-01 16:02:24] EDIT WSD/views/default/addword.html: 24
[2013-12-01 16:03:31] EDIT WSD/views/default/addword.html: 0
[2013-12-01 16:04:12] EDIT WSD/views/default/addword.html: -14
[2013-12-01 16:12:47] EDIT WSD/views/default/addword.html: 0
[2013-12-01 16:13:53] EDIT WSD/views/default/addword.html: 0
[2013-12-01 16:17:11] EDIT WSD/views/default/word_select.html: 0
[2013-12-01 16:18:08] EDIT WSD/views/default/word_selectc.html: 0
[2013-12-01 16:21:14] EDIT WSD/views/default/sentence_select.html: 0
[2013-12-01 16:21:49] EDIT WSD/views/default/sentence_selectc.html: 0
